Summary of SPARK analysis
=========================

--------------------------------------------------------------------------------------------
SPARK Analysis results        Total       Flow   CodePeer     Provers   Justified   Unproved
--------------------------------------------------------------------------------------------
Data Dependencies                 3          3          .           .           .          .
Flow Dependencies                 3          3          .           .           .          .
Initialization                    .          .          .           .           .          .
Non-Aliasing                      .          .          .           .           .          .
Run-time Checks                   .          .          .           .           .          .
Assertions                        .          .          .           .           .          .
Functional Contracts              3          .          .    3 (CVC4)           .          .
LSP Verification                  .          .          .           .           .          .
Termination                       .          .          .           .           .          .
Concurrency                       .          .          .           .           .          .
--------------------------------------------------------------------------------------------
Total                             9    6 (67%)          .     3 (33%)           .          .


max steps used for successful proof: 1

Analyzed 1 unit
in unit plains, 4 subprograms and packages out of 4 analyzed
  plains at plains.ads:1 flow analyzed (0 errors, 0 checks and 0 warnings) and proved (0 checks)
  plains.CloseDoor at plains.ads:48 flow analyzed (0 errors, 0 checks and 0 warnings) and proved (1 checks)
  plains.LockDoor at plains.ads:55 flow analyzed (0 errors, 0 checks and 0 warnings) and proved (1 checks)
  plains.OpenDoor at plains.ads:62 flow analyzed (0 errors, 0 checks and 0 warnings) and proved (1 checks)
