Summary of SPARK analysis
=========================

----------------------------------------------------------------------------------------------
SPARK Analysis results        Total        Flow   CodePeer      Provers   Justified   Unproved
----------------------------------------------------------------------------------------------
Data Dependencies                22          22          .            .           .          .
Flow Dependencies                22          22          .            .           .          .
Initialization                    4           4          .            .           .          .
Non-Aliasing                      .           .          .            .           .          .
Run-time Checks                  38           .          .    34 (CVC4)           .          4
Assertions                        .           .          .            .           .          .
Functional Contracts             26           .          .    26 (CVC4)           .          .
LSP Verification                  .           .          .            .           .          .
Termination                       .           .          .            .           .          .
Concurrency                       .           .          .            .           .          .
----------------------------------------------------------------------------------------------
Total                           112    48 (43%)          .     60 (54%)           .     4 (4%)


max steps used for successful proof: 1

Analyzed 2 units
in unit plains, 14 subprograms and packages out of 14 analyzed
  plains at plains.ads:1 flow analyzed (0 errors, 0 checks and 0 warnings) and proved (0 checks)
  plains.AddFuil at plains.ads:168 flow analyzed (0 errors, 0 checks and 0 warnings) and proved (1 checks)
  plains.AddPassanger at plains.ads:152 flow analyzed (0 errors, 0 checks and 0 warnings) and proved (2 checks)
  plains.CalcAmountOfFuil at plains.ads:224 flow analyzed (0 errors, 0 checks and 0 warnings) and proved (1 checks)
  plains.CalcDistanceTravlled at plains.ads:227 flow analyzed (0 errors, 0 checks and 0 warnings) and proved (1 checks)
  plains.CloseDoor at plains.ads:131 flow analyzed (0 errors, 0 checks and 0 warnings) and proved (1 checks)
  plains.Cruising at plains.ads:203 flow analyzed (0 errors, 0 checks and 0 warnings) and not proved, 2 checks out of 4 proved
  plains.Landing at plains.ads:209 flow analyzed (0 errors, 0 checks and 0 warnings) and not proved, 9 checks out of 10 proved
  plains.LockDoor at plains.ads:138 flow analyzed (0 errors, 0 checks and 0 warnings) and proved (1 checks)
  plains.OpenDoor at plains.ads:145 flow analyzed (0 errors, 0 checks and 0 warnings) and proved (1 checks)
  plains.PlainPushback at plains.ads:175 flow analyzed (0 errors, 0 checks and 0 warnings) and proved (1 checks)
  plains.RemovePassanger at plains.ads:160 flow analyzed (0 errors, 0 checks and 0 warnings) and proved (2 checks)
  plains.StartEngine at plains.ads:182 flow analyzed (0 errors, 0 checks and 0 warnings) and proved (1 checks)
  plains.TakeOff at plains.ads:189 flow analyzed (0 errors, 0 checks and 0 warnings) and proved (7 checks)
in unit planes, 14 subprograms and packages out of 14 analyzed
  planes at planes.ads:1 flow analyzed (0 errors, 0 checks and 0 warnings) and proved (0 checks)
  planes.AddFuil at planes.ads:169 flow analyzed (0 errors, 0 checks and 0 warnings) and proved (1 checks)
  planes.AddPassanger at planes.ads:153 flow analyzed (0 errors, 0 checks and 0 warnings) and proved (2 checks)
  planes.CalcAmountOfFuil at planes.ads:225 flow analyzed (0 errors, 0 checks and 0 warnings) and proved (1 checks)
  planes.CalcDistanceTravlled at planes.ads:228 flow analyzed (0 errors, 0 checks and 0 warnings) and proved (1 checks)
  planes.CloseDoor at planes.ads:132 flow analyzed (0 errors, 0 checks and 0 warnings) and proved (1 checks)
  planes.Cruising at planes.ads:204 flow analyzed (0 errors, 0 checks and 0 warnings) and proved (2 checks)
  planes.Landing at planes.ads:210 flow analyzed (0 errors, 0 checks and 0 warnings) and not proved, 9 checks out of 10 proved
  planes.LockDoor at planes.ads:139 flow analyzed (0 errors, 0 checks and 0 warnings) and proved (1 checks)
  planes.OpenDoor at planes.ads:146 flow analyzed (0 errors, 0 checks and 0 warnings) and proved (1 checks)
  planes.PlanePushback at planes.ads:176 flow analyzed (0 errors, 0 checks and 0 warnings) and proved (1 checks)
  planes.RemovePassanger at planes.ads:161 flow analyzed (0 errors, 0 checks and 0 warnings) and proved (2 checks)
  planes.StartEngine at planes.ads:183 flow analyzed (0 errors, 0 checks and 0 warnings) and proved (1 checks)
  planes.TakeOff at planes.ads:190 flow analyzed (0 errors, 0 checks and 0 warnings) and proved (7 checks)
