Summary of SPARK analysis
=========================

---------------------------------------------------------------------------------------------
SPARK Analysis results        Total        Flow   CodePeer     Provers   Justified   Unproved
---------------------------------------------------------------------------------------------
Data Dependencies                 9           9          .           .           .          .
Flow Dependencies                 9           9          .           .           .          .
Initialization                    1           1          .           .           .          .
Non-Aliasing                      .           .          .           .           .          .
Run-time Checks                   7           .          .           .           .          7
Assertions                        .           .          .           .           .          .
Functional Contracts              9           .          .    7 (CVC4)           .          2
LSP Verification                  .           .          .           .           .          .
Termination                       .           .          .           .           .          .
Concurrency                       .           .          .           .           .          .
---------------------------------------------------------------------------------------------
Total                            35    19 (54%)          .     7 (20%)           .    9 (26%)


max steps used for successful proof: 1

Analyzed 1 unit
in unit plains, 11 subprograms and packages out of 11 analyzed
  plains at plains.ads:1 flow analyzed (0 errors, 0 checks and 0 warnings) and proved (0 checks)
  plains.AddFuil at plains.ads:128 flow analyzed (0 errors, 0 checks and 0 warnings) and proved (1 checks)
  plains.CalcAmountOfFuil at plains.ads:172 flow analyzed (0 errors, 0 checks and 0 warnings) and not proved, 0 checks out of 1 proved
  plains.CloseDoor at plains.ads:107 flow analyzed (0 errors, 0 checks and 0 warnings) and proved (1 checks)
  plains.Cruising at plains.ads:157 flow analyzed (0 errors, 0 checks and 0 warnings) and not proved, 0 checks out of 2 proved
  plains.Landing at plains.ads:162 flow analyzed (0 errors, 0 checks and 0 warnings) and not proved, 0 checks out of 3 proved
  plains.LockDoor at plains.ads:114 flow analyzed (0 errors, 0 checks and 0 warnings) and proved (1 checks)
  plains.OpenDoor at plains.ads:121 flow analyzed (0 errors, 0 checks and 0 warnings) and proved (1 checks)
  plains.PlainPushback at plains.ads:135 flow analyzed (0 errors, 0 checks and 0 warnings) and proved (1 checks)
  plains.StartEngine at plains.ads:142 flow analyzed (0 errors, 0 checks and 0 warnings) and proved (1 checks)
  plains.TakeOff at plains.ads:149 flow analyzed (0 errors, 0 checks and 0 warnings) and not proved, 1 checks out of 4 proved
