Summary of SPARK analysis
=========================

----------------------------------------------------------------------------------------------
SPARK Analysis results        Total        Flow   CodePeer      Provers   Justified   Unproved
----------------------------------------------------------------------------------------------
Data Dependencies                11          11          .            .           .          .
Flow Dependencies                11          11          .            .           .          .
Initialization                    1           1          .            .           .          .
Non-Aliasing                      .           .          .            .           .          .
Run-time Checks                   9           .          .     2 (CVC4)           .          7
Assertions                        .           .          .            .           .          .
Functional Contracts             11           .          .    10 (CVC4)           .          1
LSP Verification                  .           .          .            .           .          .
Termination                       .           .          .            .           .          .
Concurrency                       .           .          .            .           .          .
----------------------------------------------------------------------------------------------
Total                            43    23 (53%)          .     12 (28%)           .    8 (19%)


max steps used for successful proof: 1

Analyzed 1 unit
in unit plains, 13 subprograms and packages out of 13 analyzed
  plains at plains.ads:1 flow analyzed (0 errors, 0 checks and 0 warnings) and proved (0 checks)
  plains.AddFuil at plains.ads:149 flow analyzed (0 errors, 0 checks and 0 warnings) and proved (1 checks)
  plains.AddPassanger at plains.ads:133 flow analyzed (0 errors, 0 checks and 0 warnings) and proved (2 checks)
  plains.CalcAmountOfFuil at plains.ads:193 flow analyzed (0 errors, 0 checks and 0 warnings) and proved (1 checks)
  plains.CloseDoor at plains.ads:112 flow analyzed (0 errors, 0 checks and 0 warnings) and proved (1 checks)
  plains.Cruising at plains.ads:178 flow analyzed (0 errors, 0 checks and 0 warnings) and not proved, 0 checks out of 2 proved
  plains.Landing at plains.ads:183 flow analyzed (0 errors, 0 checks and 0 warnings) and not proved, 0 checks out of 3 proved
  plains.LockDoor at plains.ads:119 flow analyzed (0 errors, 0 checks and 0 warnings) and proved (1 checks)
  plains.OpenDoor at plains.ads:126 flow analyzed (0 errors, 0 checks and 0 warnings) and proved (1 checks)
  plains.PlainPushback at plains.ads:156 flow analyzed (0 errors, 0 checks and 0 warnings) and proved (1 checks)
  plains.RemovePassanger at plains.ads:141 flow analyzed (0 errors, 0 checks and 0 warnings) and proved (2 checks)
  plains.StartEngine at plains.ads:163 flow analyzed (0 errors, 0 checks and 0 warnings) and proved (1 checks)
  plains.TakeOff at plains.ads:170 flow analyzed (0 errors, 0 checks and 0 warnings) and not proved, 1 checks out of 4 proved
