Summary of SPARK analysis
=========================

---------------------------------------------------------------------------------------------
SPARK Analysis results        Total        Flow   CodePeer     Provers   Justified   Unproved
---------------------------------------------------------------------------------------------
Data Dependencies                 8           8          .           .           .          .
Flow Dependencies                 8           8          .           .           .          .
Initialization                    1           1          .           .           .          .
Non-Aliasing                      .           .          .           .           .          .
Run-time Checks                   2           .          .           .           .          2
Assertions                        .           .          .           .           .          .
Functional Contracts              9           .          .    7 (CVC4)           .          2
LSP Verification                  .           .          .           .           .          .
Termination                       .           .          .           .           .          .
Concurrency                       .           .          .           .           .          .
---------------------------------------------------------------------------------------------
Total                            28    17 (61%)          .     7 (25%)           .    4 (14%)


max steps used for successful proof: 1

Analyzed 1 unit
in unit plains, 10 subprograms and packages out of 10 analyzed
  plains at plains.ads:1 flow analyzed (0 errors, 0 checks and 0 warnings) and proved (0 checks)
  plains.AddFuil at plains.ads:123 flow analyzed (0 errors, 0 checks and 0 warnings) and proved (1 checks)
  plains.CalcAmountOfFuil at plains.ads:162 flow analyzed (0 errors, 0 checks and 0 warnings) and not proved, 0 checks out of 1 proved
  plains.CloseDoor at plains.ads:102 flow analyzed (0 errors, 0 checks and 0 warnings) and proved (1 checks)
  plains.Landing at plains.ads:152 flow analyzed (0 errors, 0 checks and 0 warnings) and not proved, 0 checks out of 2 proved
  plains.LockDoor at plains.ads:109 flow analyzed (0 errors, 0 checks and 0 warnings) and proved (1 checks)
  plains.OpenDoor at plains.ads:116 flow analyzed (0 errors, 0 checks and 0 warnings) and proved (1 checks)
  plains.PlainPushback at plains.ads:130 flow analyzed (0 errors, 0 checks and 0 warnings) and proved (1 checks)
  plains.StartEngine at plains.ads:137 flow analyzed (0 errors, 0 checks and 0 warnings) and proved (1 checks)
  plains.TakeOff at plains.ads:144 flow analyzed (0 errors, 0 checks and 0 warnings) and not proved, 1 checks out of 2 proved
