Summary of SPARK analysis
=========================

----------------------------------------------------------------------------------------------
SPARK Analysis results        Total        Flow   CodePeer      Provers   Justified   Unproved
----------------------------------------------------------------------------------------------
Data Dependencies                22          22          .            .           .          .
Flow Dependencies                22          22          .            .           .          .
Initialization                    4           4          .            .           .          .
Non-Aliasing                      .           .          .            .           .          .
Run-time Checks                  39           .          .    34 (CVC4)           .          5
Assertions                        .           .          .            .           .          .
Functional Contracts             26           .          .    26 (CVC4)           .          .
LSP Verification                  .           .          .            .           .          .
Termination                       .           .          .            .           .          .
Concurrency                       .           .          .            .           .          .
----------------------------------------------------------------------------------------------
Total                           113    48 (42%)          .     60 (53%)           .     5 (4%)


max steps used for successful proof: 1

Analyzed 2 units
in unit plains, 14 subprograms and packages out of 14 analyzed
  plains at plains.ads:1 flow analyzed (0 errors, 0 checks and 0 warnings) and proved (0 checks)
  plains.AddFuil at plains.ads:168 flow analyzed (0 errors, 0 checks and 0 warnings) and proved (1 checks)
  plains.AddPassanger at plains.ads:152 flow analyzed (0 errors, 0 checks and 0 warnings) and proved (2 checks)
  plains.CalcAmountOfFuil at plains.ads:224 flow analyzed (0 errors, 0 checks and 0 warnings) and proved (1 checks)
  plains.CalcDistanceTravlled at plains.ads:227 flow analyzed (0 errors, 0 checks and 0 warnings) and proved (1 checks)
  plains.CloseDoor at plains.ads:131 flow analyzed (0 errors, 0 checks and 0 warnings) and proved (1 checks)
  plains.Cruising at plains.ads:203 flow analyzed (0 errors, 0 checks and 0 warnings) and not proved, 2 checks out of 4 proved
  plains.Landing at plains.ads:209 flow analyzed (0 errors, 0 checks and 0 warnings) and not proved, 9 checks out of 10 proved
  plains.LockDoor at plains.ads:138 flow analyzed (0 errors, 0 checks and 0 warnings) and proved (1 checks)
  plains.OpenDoor at plains.ads:145 flow analyzed (0 errors, 0 checks and 0 warnings) and proved (1 checks)
  plains.PlainPushback at plains.ads:175 flow analyzed (0 errors, 0 checks and 0 warnings) and proved (1 checks)
  plains.RemovePassanger at plains.ads:160 flow analyzed (0 errors, 0 checks and 0 warnings) and proved (2 checks)
  plains.StartEngine at plains.ads:182 flow analyzed (0 errors, 0 checks and 0 warnings) and proved (1 checks)
  plains.TakeOff at plains.ads:189 flow analyzed (0 errors, 0 checks and 0 warnings) and proved (7 checks)
in unit planes, 14 subprograms and packages out of 14 analyzed
  planes at planes.ads:1 flow analyzed (0 errors, 0 checks and 0 warnings) and proved (0 checks)
  planes.AddFuil at planes.ads:170 flow analyzed (0 errors, 0 checks and 0 warnings) and proved (1 checks)
  planes.AddPassanger at planes.ads:154 flow analyzed (0 errors, 0 checks and 0 warnings) and proved (2 checks)
  planes.CalcAmountOfFuil at planes.ads:231 flow analyzed (0 errors, 0 checks and 0 warnings) and proved (1 checks)
  planes.CalcDistanceTravelled at planes.ads:234 flow analyzed (0 errors, 0 checks and 0 warnings) and proved (1 checks)
  planes.CloseDoor at planes.ads:133 flow analyzed (0 errors, 0 checks and 0 warnings) and proved (1 checks)
  planes.Cruising at planes.ads:205 flow analyzed (0 errors, 0 checks and 0 warnings) and not proved, 2 checks out of 3 proved
  planes.Landing at planes.ads:212 flow analyzed (0 errors, 0 checks and 0 warnings) and not proved, 9 checks out of 10 proved
  planes.LockDoor at planes.ads:140 flow analyzed (0 errors, 0 checks and 0 warnings) and proved (1 checks)
  planes.OpenDoor at planes.ads:147 flow analyzed (0 errors, 0 checks and 0 warnings) and proved (1 checks)
  planes.PlanePushback at planes.ads:177 flow analyzed (0 errors, 0 checks and 0 warnings) and proved (1 checks)
  planes.RemovePassanger at planes.ads:162 flow analyzed (0 errors, 0 checks and 0 warnings) and proved (2 checks)
  planes.StartEngine at planes.ads:184 flow analyzed (0 errors, 0 checks and 0 warnings) and proved (1 checks)
  planes.TakeOff at planes.ads:191 flow analyzed (0 errors, 0 checks and 0 warnings) and proved (7 checks)
