Summary of SPARK analysis
=========================

----------------------------------------------------------------------------------------------
SPARK Analysis results        Total        Flow   CodePeer      Provers   Justified   Unproved
----------------------------------------------------------------------------------------------
Data Dependencies                24          24          .            .           .          .
Flow Dependencies                24          24          .            .           .          .
Initialization                    4           4          .            .           .          .
Non-Aliasing                      .           .          .            .           .          .
Run-time Checks                  52           .          .    49 (CVC4)           .          3
Assertions                        .           .          .            .           .          .
Functional Contracts             27           .          .    27 (CVC4)           .          .
LSP Verification                  .           .          .            .           .          .
Termination                       .           .          .            .           .          .
Concurrency                       .           .          .            .           .          .
----------------------------------------------------------------------------------------------
Total                           131    52 (40%)          .     76 (58%)           .     3 (2%)


max steps used for successful proof: 1

Analyzed 3 units
in unit main, 0 subprograms and packages out of 1 analyzed
  Main at main.adb:4 skipped
in unit plains, 14 subprograms and packages out of 14 analyzed
  plains at plains.ads:1 flow analyzed (0 errors, 0 checks and 0 warnings) and proved (0 checks)
  plains.AddFuil at plains.ads:168 flow analyzed (0 errors, 0 checks and 0 warnings) and proved (1 checks)
  plains.AddPassanger at plains.ads:152 flow analyzed (0 errors, 0 checks and 0 warnings) and proved (2 checks)
  plains.CalcAmountOfFuil at plains.ads:224 flow analyzed (0 errors, 0 checks and 0 warnings) and proved (1 checks)
  plains.CalcDistanceTravlled at plains.ads:227 flow analyzed (0 errors, 0 checks and 0 warnings) and proved (1 checks)
  plains.CloseDoor at plains.ads:131 flow analyzed (0 errors, 0 checks and 0 warnings) and proved (1 checks)
  plains.Cruising at plains.ads:203 flow analyzed (0 errors, 0 checks and 0 warnings) and not proved, 2 checks out of 4 proved
  plains.Landing at plains.ads:209 flow analyzed (0 errors, 0 checks and 0 warnings) and not proved, 9 checks out of 10 proved
  plains.LockDoor at plains.ads:138 flow analyzed (0 errors, 0 checks and 0 warnings) and proved (1 checks)
  plains.OpenDoor at plains.ads:145 flow analyzed (0 errors, 0 checks and 0 warnings) and proved (1 checks)
  plains.PlainPushback at plains.ads:175 flow analyzed (0 errors, 0 checks and 0 warnings) and proved (1 checks)
  plains.RemovePassanger at plains.ads:160 flow analyzed (0 errors, 0 checks and 0 warnings) and proved (2 checks)
  plains.StartEngine at plains.ads:182 flow analyzed (0 errors, 0 checks and 0 warnings) and proved (1 checks)
  plains.TakeOff at plains.ads:189 flow analyzed (0 errors, 0 checks and 0 warnings) and proved (7 checks)
in unit planes, 16 subprograms and packages out of 16 analyzed
  planes at planes.ads:1 flow analyzed (0 errors, 0 checks and 0 warnings) and proved (0 checks)
  planes.AddFuil at planes.ads:171 flow analyzed (0 errors, 0 checks and 0 warnings) and proved (1 checks)
  planes.AddPassanger at planes.ads:156 flow analyzed (0 errors, 0 checks and 0 warnings) and proved (2 checks)
  planes.CalcAmountOfFuil at planes.ads:232 flow analyzed (0 errors, 0 checks and 0 warnings) and proved (1 checks)
  planes.CalcDistanceTravelled at planes.ads:235 flow analyzed (0 errors, 0 checks and 0 warnings) and proved (1 checks)
  planes.CloseDoor at planes.ads:135 flow analyzed (0 errors, 0 checks and 0 warnings) and proved (1 checks)
  planes.Crashed at planes.ads:224 flow analyzed (0 errors, 0 checks and 0 warnings) and proved (0 checks)
  planes.Cruising at planes.ads:207 flow analyzed (0 errors, 0 checks and 0 warnings) and proved (3 checks)
  planes.Landing at planes.ads:215 flow analyzed (0 errors, 0 checks and 0 warnings) and proved (19 checks)
  planes.LockDoor at planes.ads:142 flow analyzed (0 errors, 0 checks and 0 warnings) and proved (1 checks)
  planes.OpenDoor at planes.ads:149 flow analyzed (0 errors, 0 checks and 0 warnings) and proved (1 checks)
  planes.ParkToGate at planes.ads:185 flow analyzed (0 errors, 0 checks and 0 warnings) and proved (1 checks)
  planes.PlanePushback at planes.ads:178 flow analyzed (0 errors, 0 checks and 0 warnings) and proved (1 checks)
  planes.RemovePassanger at planes.ads:163 flow analyzed (0 errors, 0 checks and 0 warnings) and proved (2 checks)
  planes.StartEngine at planes.ads:192 flow analyzed (0 errors, 0 checks and 0 warnings) and proved (1 checks)
  planes.TakeOff at planes.ads:199 flow analyzed (0 errors, 0 checks and 0 warnings) and proved (11 checks)
