Summary of SPARK analysis
=========================

----------------------------------------------------------------------------------------------
SPARK Analysis results        Total        Flow   CodePeer      Provers   Justified   Unproved
----------------------------------------------------------------------------------------------
Data Dependencies                11          11          .            .           .          .
Flow Dependencies                11          11          .            .           .          .
Initialization                    2           2          .            .           .          .
Non-Aliasing                      .           .          .            .           .          .
Run-time Checks                  12           .          .     7 (CVC4)           .          5
Assertions                        .           .          .            .           .          .
Functional Contracts             12           .          .    11 (CVC4)           .          1
LSP Verification                  .           .          .            .           .          .
Termination                       .           .          .            .           .          .
Concurrency                       .           .          .            .           .          .
----------------------------------------------------------------------------------------------
Total                            48    24 (50%)          .     18 (38%)           .    6 (13%)


max steps used for successful proof: 1

Analyzed 1 unit
in unit plains, 14 subprograms and packages out of 14 analyzed
  plains at plains.ads:1 flow analyzed (0 errors, 0 checks and 0 warnings) and proved (0 checks)
  plains.AddFuil at plains.ads:163 flow analyzed (0 errors, 0 checks and 0 warnings) and proved (1 checks)
  plains.AddPassanger at plains.ads:147 flow analyzed (0 errors, 0 checks and 0 warnings) and proved (2 checks)
  plains.CalcAmountOfFuil at plains.ads:211 flow analyzed (0 errors, 0 checks and 0 warnings) and proved (1 checks)
  plains.CalcDistanceTravlled at plains.ads:214 flow analyzed (0 errors, 0 checks and 0 warnings) and proved (1 checks)
  plains.CloseDoor at plains.ads:126 flow analyzed (0 errors, 0 checks and 0 warnings) and proved (1 checks)
  plains.Cruising at plains.ads:196 flow analyzed (0 errors, 0 checks and 0 warnings) and not proved, 0 checks out of 2 proved
  plains.Landing at plains.ads:201 flow analyzed (0 errors, 0 checks and 0 warnings) and not proved, 0 checks out of 4 proved
  plains.LockDoor at plains.ads:133 flow analyzed (0 errors, 0 checks and 0 warnings) and proved (1 checks)
  plains.OpenDoor at plains.ads:140 flow analyzed (0 errors, 0 checks and 0 warnings) and proved (1 checks)
  plains.PlainPushback at plains.ads:170 flow analyzed (0 errors, 0 checks and 0 warnings) and proved (1 checks)
  plains.RemovePassanger at plains.ads:155 flow analyzed (0 errors, 0 checks and 0 warnings) and proved (2 checks)
  plains.StartEngine at plains.ads:177 flow analyzed (0 errors, 0 checks and 0 warnings) and proved (1 checks)
  plains.TakeOff at plains.ads:184 flow analyzed (0 errors, 0 checks and 0 warnings) and proved (6 checks)
