Summary of SPARK analysis
=========================

---------------------------------------------------------------------------------------------
SPARK Analysis results        Total        Flow   CodePeer     Provers   Justified   Unproved
---------------------------------------------------------------------------------------------
Data Dependencies                10          10          .           .           .          .
Flow Dependencies                10          10          .           .           .          .
Initialization                    1           1          .           .           .          .
Non-Aliasing                      .           .          .           .           .          .
Run-time Checks                   8           .          .           .           .          8
Assertions                        .           .          .           .           .          .
Functional Contracts             10           .          .    9 (CVC4)           .          1
LSP Verification                  .           .          .           .           .          .
Termination                       .           .          .           .           .          .
Concurrency                       .           .          .           .           .          .
---------------------------------------------------------------------------------------------
Total                            39    21 (54%)          .     9 (23%)           .    9 (23%)


max steps used for successful proof: 1

Analyzed 1 unit
in unit plains, 12 subprograms and packages out of 12 analyzed
  plains at plains.ads:1 flow analyzed (0 errors, 0 checks and 0 warnings) and proved (0 checks)
  plains.AddFuil at plains.ads:139 flow analyzed (0 errors, 0 checks and 0 warnings) and proved (1 checks)
  plains.AddPassanger at plains.ads:133 flow analyzed (0 errors, 0 checks and 0 warnings) and not proved, 1 checks out of 2 proved
  plains.CalcAmountOfFuil at plains.ads:183 flow analyzed (0 errors, 0 checks and 0 warnings) and proved (1 checks)
  plains.CloseDoor at plains.ads:112 flow analyzed (0 errors, 0 checks and 0 warnings) and proved (1 checks)
  plains.Cruising at plains.ads:168 flow analyzed (0 errors, 0 checks and 0 warnings) and not proved, 0 checks out of 2 proved
  plains.Landing at plains.ads:173 flow analyzed (0 errors, 0 checks and 0 warnings) and not proved, 0 checks out of 3 proved
  plains.LockDoor at plains.ads:119 flow analyzed (0 errors, 0 checks and 0 warnings) and proved (1 checks)
  plains.OpenDoor at plains.ads:126 flow analyzed (0 errors, 0 checks and 0 warnings) and proved (1 checks)
  plains.PlainPushback at plains.ads:146 flow analyzed (0 errors, 0 checks and 0 warnings) and proved (1 checks)
  plains.StartEngine at plains.ads:153 flow analyzed (0 errors, 0 checks and 0 warnings) and proved (1 checks)
  plains.TakeOff at plains.ads:160 flow analyzed (0 errors, 0 checks and 0 warnings) and not proved, 1 checks out of 4 proved
